00:00:50:912 [main] INFO  org.example.controller.AuthController - Buyer login success email=rose@gmail.com
00:01:07:394 [main] INFO  org.example.service.PaymentService - COD selected buyerId=21 orderId=39
00:01:07:456 [main] INFO  org.example.service.PaymentService - Seller wallet credited sellerId=9 amount=1798.0
00:01:07:482 [main] INFO  org.example.dao.ProductDao - lowStockProducts fetched sellerId=9 count=0
00:01:07:604 [main] INFO  org.example.service.OrderService - Order completed buyerId=21 orderId=39
00:01:14:177 [main] INFO  org.example.controller.BuyerController - Buyer logged out buyerId=21
00:01:30:222 [main] INFO  org.example.controller.AuthController - Seller login failed email=sam@gamil.com
00:01:56:147 [main] INFO  org.example.controller.AuthController - Seller login success email=sam@gmail.com
00:01:56:147 [main] INFO  org.example.controller.SellerController - Seller logged in sellerId=9
00:01:56:162 [main] INFO  org.example.service.PaymentService - Fetched seller balance sellerId=9 balance=5846.0
00:02:03:566 [main] INFO  org.example.service.NotificationService - Fetching notifications for sellerId=9
00:02:03:618 [main] INFO  org.example.service.PaymentService - Fetched seller balance sellerId=9 balance=5846.0
00:02:10:146 [main] INFO  org.example.dao.ProductDao - lowStockProducts fetched sellerId=9 count=0
00:02:10:178 [main] INFO  org.example.service.PaymentService - Fetched seller balance sellerId=9 balance=5846.0
00:02:51:293 [main] INFO  org.example.controller.AuthController - Seller login success email=sam@gmail.com
00:02:51:296 [main] INFO  org.example.controller.SellerController - Seller logged in sellerId=9
00:02:51:338 [main] INFO  org.example.service.PaymentService - Fetched seller balance sellerId=9 balance=5846.0
00:02:55:911 [main] INFO  org.example.service.PaymentService - Fetched seller balance sellerId=9 balance=5846.0
00:03:30:996 [main] INFO  org.example.controller.SellerController - Seller update product sellerId=9 productId=41 success=true
00:03:31:028 [main] INFO  org.example.service.PaymentService - Fetched seller balance sellerId=9 balance=5846.0
00:03:33:083 [main] INFO  org.example.controller.SellerController - Seller logged out sellerId=9
00:03:47:458 [main] INFO  org.example.controller.AuthController - Buyer login success email=rose@gmail.com
00:04:03:401 [main] INFO  org.example.service.PaymentService - COD selected buyerId=21 orderId=40
00:04:03:471 [main] INFO  org.example.service.PaymentService - Seller wallet credited sellerId=9 amount=1798.0
00:04:03:500 [main] INFO  org.example.dao.ProductDao - lowStockProducts fetched sellerId=9 count=0
00:04:03:628 [main] INFO  org.example.service.OrderService - Order completed buyerId=21 orderId=40
00:04:10:114 [main] INFO  org.example.controller.BuyerController - Buyer logged out buyerId=21
00:04:24:485 [main] INFO  org.example.controller.AuthController - Seller login success email=sam@gmail.com
00:04:24:485 [main] INFO  org.example.controller.SellerController - Seller logged in sellerId=9
00:04:24:507 [main] INFO  org.example.service.PaymentService - Fetched seller balance sellerId=9 balance=7644.0
00:04:36:781 [main] INFO  org.example.dao.ProductDao - lowStockProducts fetched sellerId=9 count=0
00:04:36:814 [main] INFO  org.example.service.PaymentService - Fetched seller balance sellerId=9 balance=7644.0
00:09:32:068 [main] INFO  org.example.controller.AuthController - Seller login success email=sam@gmail.com
00:09:32:072 [main] INFO  org.example.controller.SellerController - Seller logged in sellerId=9
00:09:32:120 [main] INFO  org.example.service.PaymentService - Fetched seller balance sellerId=9 balance=7644.0
00:10:01:661 [main] INFO  org.example.controller.SellerController - Seller update product sellerId=9 productId=41 success=true
00:10:01:703 [main] INFO  org.example.service.PaymentService - Fetched seller balance sellerId=9 balance=7644.0
00:10:06:206 [main] INFO  org.example.controller.SellerController - Seller logged out sellerId=9
00:10:19:175 [main] INFO  org.example.controller.AuthController - Buyer login success email=rose@gmail.com
00:10:37:023 [main] INFO  org.example.service.PaymentService - COD selected buyerId=21 orderId=41
00:10:37:079 [main] INFO  org.example.dao.OrderDao - Stock reduced productId=41 oldStock=10 newStock=8
00:10:37:142 [main] INFO  org.example.service.PaymentService - Seller wallet credited sellerId=9 amount=1798.0
00:10:37:164 [main] INFO  org.example.dao.ProductDao - lowStockProducts fetched sellerId=9 count=0
00:10:37:292 [main] INFO  org.example.service.OrderService - Order completed buyerId=21 orderId=41
00:10:42:858 [main] INFO  org.example.controller.BuyerController - Buyer logged out buyerId=21
00:10:55:483 [main] INFO  org.example.controller.AuthController - Seller login success email=sam@gmail.com
00:10:55:483 [main] INFO  org.example.controller.SellerController - Seller logged in sellerId=9
00:10:55:509 [main] INFO  org.example.service.PaymentService - Fetched seller balance sellerId=9 balance=9442.0
00:11:02:895 [main] INFO  org.example.service.NotificationService - Fetching notifications for sellerId=9
00:11:02:956 [main] INFO  org.example.service.PaymentService - Fetched seller balance sellerId=9 balance=9442.0
00:11:12:018 [main] INFO  org.example.dao.ProductDao - lowStockProducts fetched sellerId=9 count=0
00:11:12:038 [main] INFO  org.example.service.PaymentService - Fetched seller balance sellerId=9 balance=9442.0
00:23:00:256 [main] INFO  org.example.controller.AuthController - Seller login success email=sam@gmail.com
00:23:00:259 [main] INFO  org.example.controller.SellerController - Seller logged in sellerId=9
00:23:00:311 [main] INFO  org.example.service.PaymentService - Fetched seller balance sellerId=9 balance=9442.0
00:23:28:994 [main] INFO  org.example.controller.SellerController - Seller update product sellerId=9 productId=41 success=true
00:23:29:082 [main] INFO  org.example.service.PaymentService - Fetched seller balance sellerId=9 balance=9442.0
00:23:32:003 [main] INFO  org.example.controller.SellerController - Seller logged out sellerId=9
00:23:56:836 [main] INFO  org.example.controller.AuthController - Buyer login success email=rose@gmail.com
00:24:31:464 [main] INFO  org.example.service.PaymentService - UPI payment processed buyerId=21 orderId=42 success=true
00:24:31:500 [main] INFO  org.example.dao.OrderDao - Stock reduced productId=41 oldStock=5 newStock=3
00:24:31:537 [main] INFO  org.example.service.PaymentService - Seller wallet credited sellerId=9 amount=1798.0
00:24:31:720 [main] INFO  org.example.service.OrderService - Order completed buyerId=21 orderId=42
00:24:41:417 [main] INFO  org.example.controller.BuyerController - Buyer logged out buyerId=21
00:24:54:981 [main] INFO  org.example.controller.AuthController - Seller login success email=sam@gmail.com
00:24:54:982 [main] INFO  org.example.controller.SellerController - Seller logged in sellerId=9
00:24:55:000 [main] INFO  org.example.service.PaymentService - Fetched seller balance sellerId=9 balance=11240.0
00:24:59:479 [main] INFO  org.example.service.NotificationService - Fetching notifications for sellerId=9
00:24:59:541 [main] INFO  org.example.service.PaymentService - Fetched seller balance sellerId=9 balance=11240.0
00:25:06:854 [main] INFO  org.example.dao.ProductDao - lowStockProducts fetched sellerId=9 count=0
00:25:06:876 [main] INFO  org.example.service.PaymentService - Fetched seller balance sellerId=9 balance=11240.0
00:25:58:564 [main] INFO  org.example.controller.AuthController - Seller login success email=sam@gmail.com
00:25:58:567 [main] INFO  org.example.controller.SellerController - Seller logged in sellerId=9
00:25:58:618 [main] INFO  org.example.service.PaymentService - Fetched seller balance sellerId=9 balance=11240.0
00:26:30:907 [main] INFO  org.example.controller.SellerController - Seller update product sellerId=9 productId=41 success=true
00:26:30:949 [main] INFO  org.example.service.PaymentService - Fetched seller balance sellerId=9 balance=11240.0
00:26:35:461 [main] INFO  org.example.controller.SellerController - Seller logged out sellerId=9
00:26:47:145 [main] INFO  org.example.controller.AuthController - Buyer login success email=rose@gmail.com
00:27:12:780 [main] WARN  org.example.service.PaymentService - Card payment failed invalid card buyerId=21
00:27:37:504 [main] INFO  org.example.service.PaymentService - Card payment processed buyerId=21 orderId=44 success=true
00:27:37:566 [main] INFO  org.example.dao.OrderDao - Stock reduced productId=41 oldStock=10 newStock=8
00:27:37:638 [main] INFO  org.example.service.PaymentService - Seller wallet credited sellerId=9 amount=1798.0
00:27:37:827 [main] INFO  org.example.service.OrderService - Order completed buyerId=21 orderId=44
00:27:42:592 [main] INFO  org.example.controller.BuyerController - Buyer logged out buyerId=21
00:27:55:397 [main] INFO  org.example.controller.AuthController - Seller login success email=sam@gmail.com
00:27:55:397 [main] INFO  org.example.controller.SellerController - Seller logged in sellerId=9
00:27:55:412 [main] INFO  org.example.service.PaymentService - Fetched seller balance sellerId=9 balance=13038.0
00:27:59:461 [main] INFO  org.example.service.NotificationService - Fetching notifications for sellerId=9
00:27:59:526 [main] INFO  org.example.service.PaymentService - Fetched seller balance sellerId=9 balance=13038.0
00:28:07:477 [main] INFO  org.example.dao.ProductDao - lowStockProducts fetched sellerId=9 count=0
00:28:07:499 [main] INFO  org.example.service.PaymentService - Fetched seller balance sellerId=9 balance=13038.0
00:36:53:300 [main] INFO  org.example.controller.AuthController - Seller login success email=sam@gmail.com
00:36:53:302 [main] INFO  org.example.controller.SellerController - Seller logged in sellerId=9
00:36:53:345 [main] INFO  org.example.service.PaymentService - Fetched seller balance sellerId=9 balance=13038.0
00:37:24:811 [main] INFO  org.example.controller.SellerController - Seller add product sellerId=9 success=true
00:37:24:873 [main] INFO  org.example.service.PaymentService - Fetched seller balance sellerId=9 balance=13038.0
00:37:27:930 [main] INFO  org.example.controller.SellerController - Seller logged out sellerId=9
00:37:45:487 [main] INFO  org.example.controller.AuthController - Buyer login success email=rose@gmail.com
00:38:04:631 [main] INFO  org.example.service.PaymentService - COD selected buyerId=21 orderId=45
00:38:04:668 [main] INFO  org.example.dao.OrderDao - Stock reduced productId=41 oldStock=8 newStock=6
00:38:04:704 [main] INFO  org.example.service.PaymentService - Seller wallet credited sellerId=9 amount=1798.0
00:38:04:734 [main] INFO  org.example.dao.ProductDao - lowStockProducts fetched sellerId=9 count=0
00:38:04:874 [main] INFO  org.example.service.OrderService - Order completed buyerId=21 orderId=45
00:38:30:434 [main] INFO  org.example.controller.BuyerController - Buyer logged out buyerId=21
00:38:48:054 [main] INFO  org.example.controller.AuthController - Seller login success email=sam@gmail.com
00:38:48:054 [main] INFO  org.example.controller.SellerController - Seller logged in sellerId=9
00:38:48:077 [main] INFO  org.example.service.PaymentService - Fetched seller balance sellerId=9 balance=14836.0
00:38:51:582 [main] INFO  org.example.service.NotificationService - Fetching notifications for sellerId=9
00:38:51:644 [main] INFO  org.example.service.PaymentService - Fetched seller balance sellerId=9 balance=14836.0
00:38:58:130 [main] INFO  org.example.dao.ProductDao - lowStockProducts fetched sellerId=9 count=0
00:38:58:150 [main] INFO  org.example.service.PaymentService - Fetched seller balance sellerId=9 balance=14836.0
00:46:03:705 [main] INFO  org.example.controller.AuthController - Seller login success email=sam@gmail.com
00:46:03:710 [main] INFO  org.example.controller.SellerController - Seller logged in sellerId=9
00:46:03:758 [main] INFO  org.example.service.PaymentService - Fetched seller balance sellerId=9 balance=14836.0
00:46:43:264 [main] INFO  org.example.controller.SellerController - Seller update product sellerId=9 productId=43 success=true
00:46:43:316 [main] INFO  org.example.service.PaymentService - Fetched seller balance sellerId=9 balance=14836.0
00:46:46:539 [main] INFO  org.example.service.PaymentService - Fetched seller balance sellerId=9 balance=14836.0
00:46:52:370 [main] INFO  org.example.controller.SellerController - Seller logged out sellerId=9
00:47:08:037 [main] INFO  org.example.controller.AuthController - Buyer login success email=rose@gmail.com
00:47:39:113 [main] INFO  org.example.service.PaymentService - COD selected buyerId=21 orderId=46
00:47:39:146 [main] INFO  org.example.dao.OrderDao - Stock reduced productId=43 oldStock=5 newStock=2
00:47:39:172 [main] INFO  org.example.service.PaymentService - Seller wallet credited sellerId=9 amount=3000.0
00:47:39:198 [main] INFO  org.example.dao.ProductDao - lowStockProducts fetched sellerId=9 count=1
00:47:39:386 [main] INFO  org.example.service.OrderService - Order completed buyerId=21 orderId=46
00:48:30:580 [main] INFO  org.example.controller.BuyerController - Buyer logged out buyerId=21
00:48:44:322 [main] INFO  org.example.controller.AuthController - Seller login success email=sam@gmail.com
00:48:44:322 [main] INFO  org.example.controller.SellerController - Seller logged in sellerId=9
00:48:44:340 [main] INFO  org.example.service.PaymentService - Fetched seller balance sellerId=9 balance=17836.0
00:48:52:762 [main] INFO  org.example.service.NotificationService - Fetching notifications for sellerId=9
00:48:52:814 [main] INFO  org.example.service.PaymentService - Fetched seller balance sellerId=9 balance=17836.0
00:49:07:435 [main] INFO  org.example.service.NotificationService - Fetching notifications for sellerId=9
00:49:07:486 [main] INFO  org.example.service.PaymentService - Fetched seller balance sellerId=9 balance=17836.0
00:49:15:398 [main] INFO  org.example.dao.ProductDao - lowStockProducts fetched sellerId=9 count=1
00:49:15:420 [main] INFO  org.example.service.PaymentService - Fetched seller balance sellerId=9 balance=17836.0
00:49:22:507 [main] INFO  org.example.controller.SellerController - Seller logged out sellerId=9
00:54:42:690 [main] INFO  org.example.controller.AuthController - Buyer login success email=rose@gmail.com
00:55:00:320 [main] INFO  org.example.service.PaymentService - COD selected buyerId=21 orderId=47
00:55:00:381 [main] INFO  org.example.dao.OrderDao - Stock reduced productId=43 oldStock=2 newStock=1
00:55:00:449 [main] INFO  org.example.service.PaymentService - Seller wallet credited sellerId=9 amount=1000.0
00:55:00:494 [main] INFO  org.example.dao.ProductDao - lowStockProducts fetched sellerId=9 count=1
00:55:00:677 [main] INFO  org.example.service.OrderService - Order completed buyerId=21 orderId=47
00:55:25:043 [main] INFO  org.example.controller.BuyerController - Buyer logged out buyerId=21
01:41:10:494 [main] INFO  org.example.service.AuthService - Buyer registration email=buyer@test.com success=true
01:41:10:762 [main] INFO  org.example.service.AuthService - Buyer registration email=buyer@test.com success=false
01:41:11:061 [main] INFO  org.example.service.AuthService - Seller registration email=seller@test.com success=true
01:41:11:308 [main] INFO  org.example.service.AuthService - Seller registration email=seller@test.com success=false
01:45:33:790 [main] INFO  org.example.service.AuthService - Buyer registration email=buyer@test.com success=true
01:45:33:907 [main] INFO  org.example.service.AuthService - Buyer registration email=buyer@test.com success=false
01:45:34:032 [main] INFO  org.example.service.AuthService - Seller registration email=seller@test.com success=true
01:45:34:128 [main] INFO  org.example.service.AuthService - Seller registration email=seller@test.com success=false
01:54:58:504 [main] INFO  org.example.service.OrderService - Order completed buyerId=1 orderId=100
02:02:05:261 [main] WARN  org.example.service.PaymentService - Payment failed invalid method=NETBANKING buyerId=1
02:07:20:186 [main] WARN  org.example.service.PaymentService - Payment failed invalid method=NETBANKING buyerId=1
02:10:11:262 [main] WARN  org.example.service.PaymentService - Payment failed invalid method=NETBANKING buyerId=1
02:13:09:731 [main] WARN  org.example.service.PaymentService - Payment failed invalid method=NETBANKING buyerId=1
02:13:57:869 [main] WARN  org.example.service.PaymentService - Payment failed invalid method=NETBANKING buyerId=1
02:41:10:333 [main] WARN  org.example.service.PaymentService - Payment failed invalid method=NETBANKING buyerId=1
02:48:02:814 [main] WARN  org.example.service.PaymentService - Payment failed invalid method=XYZ buyerId=1
02:48:49:191 [main] INFO  org.example.service.OrderService - Order completed buyerId=1 orderId=100
02:48:50:007 [main] INFO  org.example.service.AuthService - Buyer registration email=buyer@test.com success=true
02:48:50:184 [main] INFO  org.example.service.AuthService - Buyer registration email=buyer@test.com success=false
02:48:50:391 [main] INFO  org.example.service.AuthService - Seller registration email=seller@test.com success=true
02:48:50:506 [main] INFO  org.example.service.AuthService - Seller registration email=seller@test.com success=false
02:49:58:069 [main] INFO  org.example.service.AuthService - Buyer registration email=thar@gmail.com success=true
02:50:04:875 [main] INFO  org.example.controller.AuthController - Buyer registered successfully email=thar@gmail.com
02:50:24:454 [main] INFO  org.example.controller.AuthController - Buyer login success email=thar@gmail.com
02:51:15:587 [main] INFO  org.example.controller.BuyerController - Buyer logged out buyerId=24
02:51:35:747 [main] INFO  org.example.service.RecoveryService - Buyer password reset buyerId=24 success=true
02:51:46:475 [main] WARN  org.example.service.RecoveryService - Buyer forgot email failed security verification buyerId=5
03:12:25:526 [main] INFO  org.example.service.AuthService - Seller registration email=uno@gmail.com success=true
03:12:33:465 [main] INFO  org.example.controller.AuthController - Seller registered successfully email=uno@gmail.com
03:12:51:484 [main] INFO  org.example.controller.AuthController - Seller login success email=uno@gmail.com
03:12:51:484 [main] INFO  org.example.controller.SellerController - Seller logged in sellerId=12
03:12:51:510 [main] INFO  org.example.service.PaymentService - Fetched seller balance sellerId=12 balance=0.0
03:12:55:972 [main] INFO  org.example.controller.SellerController - Seller logged out sellerId=12
03:13:18:322 [main] INFO  org.example.service.RecoveryService - Seller password reset sellerId=12 success=true
03:13:35:227 [main] INFO  org.example.service.RecoveryService - Seller forgot email success sellerId=12
03:13:57:346 [main] INFO  org.example.controller.AuthController - Seller login failed email=uno@gmail.com
03:14:17:200 [main] INFO  org.example.controller.AuthController - Seller login failed email=uno@gmail.com
03:14:48:440 [main] INFO  org.example.service.RecoveryService - Seller password reset sellerId=12 success=true
03:15:00:875 [main] INFO  org.example.controller.AuthController - Seller login failed email=uno@gmail.com
03:20:05:034 [main] INFO  org.example.service.AuthService - Seller registration email=vani@gmai.com success=true
03:20:11:019 [main] INFO  org.example.controller.AuthController - Seller registered successfully email=vani@gmai.com
03:25:50:362 [main] INFO  org.example.service.AuthService - Seller registration email=walter@gmail.com success=true
03:25:56:498 [main] INFO  org.example.controller.AuthController - Seller registered successfully email=walter@gmail.com
03:26:16:218 [main] INFO  org.example.controller.AuthController - Seller login success email=walter@gmail.com
03:26:16:218 [main] INFO  org.example.controller.SellerController - Seller logged in sellerId=14
03:26:16:240 [main] INFO  org.example.service.PaymentService - Fetched seller balance sellerId=14 balance=0.0
03:26:20:657 [main] INFO  org.example.service.PaymentService - Fetched seller balance sellerId=14 balance=0.0
03:26:48:884 [main] INFO  org.example.controller.SellerController - Seller add product sellerId=14 success=true
03:26:48:900 [main] INFO  org.example.service.PaymentService - Fetched seller balance sellerId=14 balance=0.0
03:27:02:557 [main] INFO  org.example.controller.SellerController - Seller logged out sellerId=14
03:27:25:844 [main] INFO  org.example.service.RecoveryService - Seller password reset sellerId=14 success=true
03:27:39:954 [main] INFO  org.example.controller.AuthController - Seller login failed email=walter@gmail.com
03:30:46:513 [main] INFO  org.example.controller.AuthController - Seller login failed email=walter@gmail.com
03:31:24:437 [main] INFO  org.example.service.AuthService - Seller registration email=alice@gmail.com success=true
03:31:31:058 [main] INFO  org.example.controller.AuthController - Seller registered successfully email=alice@gmail.com
03:31:46:713 [main] INFO  org.example.controller.AuthController - Seller login failed email=alice@123
03:31:59:364 [main] INFO  org.example.controller.AuthController - Seller login success email=alice@gmail.com
03:31:59:364 [main] INFO  org.example.controller.SellerController - Seller logged in sellerId=15
03:31:59:379 [main] INFO  org.example.service.PaymentService - Fetched seller balance sellerId=15 balance=0.0
03:32:24:189 [main] INFO  org.example.controller.SellerController - Seller add product sellerId=15 success=true
03:32:24:204 [main] INFO  org.example.service.PaymentService - Fetched seller balance sellerId=15 balance=0.0
03:32:31:462 [main] INFO  org.example.service.PaymentService - Fetched seller balance sellerId=15 balance=0.0
03:32:57:500 [main] INFO  org.example.controller.SellerController - Seller update product sellerId=15 productId=45 success=true
03:32:57:519 [main] INFO  org.example.service.PaymentService - Fetched seller balance sellerId=15 balance=0.0
03:33:00:821 [main] INFO  org.example.controller.SellerController - Seller logged out sellerId=15
03:33:22:970 [main] WARN  org.example.service.RecoveryService - Seller reset password failed security verification sellerId=15
03:33:44:816 [main] INFO  org.example.service.RecoveryService - Seller password reset sellerId=15 success=true
03:33:56:871 [main] INFO  org.example.controller.AuthController - Seller login success email=alice@gmail.com
03:33:56:871 [main] INFO  org.example.controller.SellerController - Seller logged in sellerId=15
03:33:56:883 [main] INFO  org.example.service.PaymentService - Fetched seller balance sellerId=15 balance=0.0
03:34:00:062 [main] INFO  org.example.controller.SellerController - Seller logged out sellerId=15
03:34:10:327 [main] INFO  org.example.service.RecoveryService - Seller forgot email success sellerId=15
03:34:23:889 [main] INFO  org.example.controller.AuthController - Seller login success email=alice@gmail.com
03:34:23:890 [main] INFO  org.example.controller.SellerController - Seller logged in sellerId=15
03:34:23:903 [main] INFO  org.example.service.PaymentService - Fetched seller balance sellerId=15 balance=0.0
03:34:39:410 [main] INFO  org.example.controller.SellerController - Seller logged out sellerId=15
03:34:58:996 [main] INFO  org.example.service.AuthService - Buyer registration email=bob success=true
03:35:04:037 [main] INFO  org.example.controller.AuthController - Buyer registered successfully email=bob
03:35:13:079 [main] INFO  org.example.controller.AuthController - Buyer login success email=bob
03:35:18:829 [main] INFO  org.example.controller.BuyerController - Buyer logged out buyerId=25
03:35:30:181 [main] INFO  org.example.service.RecoveryService - Buyer password reset buyerId=25 success=true
03:35:36:462 [main] INFO  org.example.controller.AuthController - Buyer login success email=bob
03:35:50:155 [main] INFO  org.example.controller.BuyerController - Buyer logged out buyerId=25
03:36:13:489 [main] WARN  org.example.service.RecoveryService - Buyer forgot email failed security verification buyerId=3
03:36:32:714 [main] WARN  org.example.service.RecoveryService - Buyer forgot email failed security verification buyerId=3
03:37:00:832 [main] INFO  org.example.controller.AuthController - Buyer login success email=bob
03:37:04:584 [main] INFO  org.example.controller.BuyerController - Buyer logged out buyerId=25
03:37:30:459 [main] WARN  org.example.service.RecoveryService - Buyer forgot email failed security verification buyerId=3
03:40:53:731 [main] INFO  org.example.service.AuthService - Buyer registration email=bob@gmail.com success=true
03:40:58:951 [main] INFO  org.example.controller.AuthController - Buyer registered successfully email=bob@gmail.com
03:41:13:026 [main] INFO  org.example.controller.AuthController - Buyer login success email=bob@gmail.com
03:41:16:640 [main] INFO  org.example.controller.BuyerController - Buyer logged out buyerId=26
03:41:25:474 [main] INFO  org.example.service.RecoveryService - Buyer forgot email success buyerId=26
03:41:36:464 [main] INFO  org.example.controller.AuthController - Buyer login success email=bob@gmail.com
03:42:27:607 [main] INFO  org.example.service.PaymentService - UPI payment processed buyerId=26 orderId=48 success=true
03:42:27:628 [main] INFO  org.example.dao.OrderDao - Stock reduced productId=45 oldStock=5 newStock=2
03:42:27:642 [main] INFO  org.example.service.PaymentService - Seller wallet credited sellerId=15 amount=2697.0
03:42:27:658 [main] INFO  org.example.dao.ProductDao - lowStockProducts fetched sellerId=15 count=1
03:42:27:778 [main] INFO  org.example.service.OrderService - Order completed buyerId=26 orderId=48
03:42:41:476 [main] INFO  org.example.controller.BuyerController - Buyer logged out buyerId=26
03:42:58:515 [main] INFO  org.example.controller.AuthController - Seller login success email=alice@gmail.com
03:42:58:516 [main] INFO  org.example.controller.SellerController - Seller logged in sellerId=15
03:42:58:526 [main] INFO  org.example.service.PaymentService - Fetched seller balance sellerId=15 balance=2697.0
03:43:03:856 [main] INFO  org.example.service.PaymentService - Fetched seller balance sellerId=15 balance=2697.0
03:43:09:221 [main] INFO  org.example.service.NotificationService - Fetching notifications for sellerId=15
03:43:09:268 [main] INFO  org.example.service.PaymentService - Fetched seller balance sellerId=15 balance=2697.0
03:43:19:371 [main] INFO  org.example.dao.ProductDao - lowStockProducts fetched sellerId=15 count=1
03:43:19:385 [main] INFO  org.example.service.PaymentService - Fetched seller balance sellerId=15 balance=2697.0
03:43:22:414 [main] INFO  org.example.controller.SellerController - Seller logged out sellerId=15
